<?xml version="1.0" encoding="UTF-8"?>
<testsuite xmlns:xsi="http://www.w3.org/2001/XMLSchema-instance" xsi:noNamespaceSchemaLocation="https://maven.apache.org/surefire/maven-surefire-plugin/xsd/surefire-test-report-3.0.xsd" version="3.0" name="org.example.ConsumerTest" time="1.301" tests="1" errors="0" skipped="0" failures="0">
  <properties>
[...]
</properties>
  <testcase name="test" classname="org.example.ConsumerTest" time="1.281">
    <system-out><![CDATA[----
Network(id=4424e14a3fc504548f27173d2fb10e6dc88112a1b7f369c449adc816adae6e81, created=Fri Mar 28 00:55:20 CST 2025, name=bridge, scope=local, driver=bridge, enableIPv6=false, internal=false, ipam=Network.Ipam(driver=default, config=[Network.Ipam.Config(subnet=172.17.0.0/16, ipRange=null, gateway=172.17.0.1, networkID=null)], options=null), containers={}, options={com.docker.network.bridge.default_bridge=true, com.docker.network.bridge.enable_icc=true, com.docker.network.bridge.enable_ip_masquerade=true, com.docker.network.bridge.host_binding_ipv4=0.0.0.0, com.docker.network.bridge.name=docker0, com.docker.network.driver.mtu=1500}, attachable=false, labels={})
Network(id=d11ca4e8693810bdf5c69c197cbacd8ae788fc84673023d67a7e6db1456d4e7c, created=Tue Apr 01 11:17:19 CST 2025, name=dapr-network, scope=local, driver=bridge, enableIPv6=false, internal=false, ipam=Network.Ipam(driver=default, config=[Network.Ipam.Config(subnet=172.18.0.0/16, ipRange=null, gateway=172.18.0.1, networkID=null)], options=null), containers={}, options={}, attachable=false, labels={org.testcontainers=true, org.testcontainers.lang=java, org.testcontainers.sessionId=49674f8d-a2ac-415a-b204-67b5747ba8be, org.testcontainers.version=1.20.5})
Network(id=ebe55f0288cc15f86010e5680e5c4ac7c1872e5bc1970b78f37beff8b36fea79, created=Sun Feb 02 03:09:46 CST 2025, name=none, scope=local, driver=null, enableIPv6=false, internal=false, ipam=Network.Ipam(driver=default, config=null, options=null), containers={}, options={}, attachable=false, labels={})
Network(id=5c6b6d1e72943ccee1c5b26dfb0e50ccc3eff59b0c7d2604638097de4a87685d, created=Sun Feb 02 05:03:09 CST 2025, name=host, scope=local, driver=host, enableIPv6=false, internal=false, ipam=Network.Ipam(driver=default, config=null, options=null), containers={}, options={}, attachable=false, labels={})
----
----
Network(id=d11ca4e8693810bdf5c69c197cbacd8ae788fc84673023d67a7e6db1456d4e7c, created=Tue Apr 01 11:17:19 CST 2025, name=dapr-network, scope=local, driver=bridge, enableIPv6=false, internal=false, ipam=Network.Ipam(driver=default, config=[Network.Ipam.Config(subnet=172.18.0.0/16, ipRange=null, gateway=172.18.0.1, networkID=null)], options=null), containers={}, options={}, attachable=false, labels={org.testcontainers=true, org.testcontainers.lang=java, org.testcontainers.sessionId=49674f8d-a2ac-415a-b204-67b5747ba8be, org.testcontainers.version=1.20.5})
----
]]></system-out>
    <system-err><![CDATA[SLF4J: Failed to load class "org.slf4j.impl.StaticLoggerBinder".
SLF4J: Defaulting to no-operation (NOP) logger implementation
SLF4J: See http://www.slf4j.org/codes.html#StaticLoggerBinder for further details.
SLF4J: Failed to load class "org.slf4j.impl.StaticMDCBinder".
SLF4J: Defaulting to no-operation MDCAdapter implementation.
SLF4J: See http://www.slf4j.org/codes.html#no_static_mdc_binder for further details.
]]></system-err>
  </testcase>
</testsuite>